[2022-03-10 17:39:15] local.ERROR: Class "App\Models\Author" not found {"exception":"[object] (Error(code: 0): Class \"App\\Models\\Author\" not found at C:\\Users\\Tolga\\Desktop\\ReactNodeJS\\phpapiserver\\app\\Http\\Controllers\\UsersController.php:16)
[stacktrace]
#0 C:\\Users\\Tolga\\Desktop\\ReactNodeJS\\phpapiserver\\vendor\\illuminate\\container\\BoundMethod.php(36): App\\Http\\Controllers\\UsersController->createUser(Object(Laravel\\Lumen\\Http\\Request))
#1 C:\\Users\\Tolga\\Desktop\\ReactNodeJS\\phpapiserver\\vendor\\illuminate\\container\\Util.php(41): Illuminate\\Container\\BoundMethod::Illuminate\\Container\\{closure}()
#2 C:\\Users\\Tolga\\Desktop\\ReactNodeJS\\phpapiserver\\vendor\\illuminate\\container\\BoundMethod.php(93): Illuminate\\Container\\Util::unwrapIfClosure(Object(Closure))
#3 C:\\Users\\Tolga\\Desktop\\ReactNodeJS\\phpapiserver\\vendor\\illuminate\\container\\BoundMethod.php(37): Illuminate\\Container\\BoundMethod::callBoundMethod(Object(Laravel\\Lumen\\Application), Array, Object(Closure))
#4 C:\\Users\\Tolga\\Desktop\\ReactNodeJS\\phpapiserver\\vendor\\illuminate\\container\\Container.php(653): Illuminate\\Container\\BoundMethod::call(Object(Laravel\\Lumen\\Application), Array, Array, NULL)
#5 C:\\Users\\Tolga\\Desktop\\ReactNodeJS\\phpapiserver\\vendor\\laravel\\lumen-framework\\src\\Concerns\\RoutesRequests.php(389): Illuminate\\Container\\Container->call(Array, Array)
#6 C:\\Users\\Tolga\\Desktop\\ReactNodeJS\\phpapiserver\\vendor\\laravel\\lumen-framework\\src\\Concerns\\RoutesRequests.php(355): Laravel\\Lumen\\Application->callControllerCallable(Array, Array)
#7 C:\\Users\\Tolga\\Desktop\\ReactNodeJS\\phpapiserver\\vendor\\laravel\\lumen-framework\\src\\Concerns\\RoutesRequests.php(329): Laravel\\Lumen\\Application->callLumenController(Object(App\\Http\\Controllers\\UsersController), 'createUser', Array)
#8 C:\\Users\\Tolga\\Desktop\\ReactNodeJS\\phpapiserver\\vendor\\laravel\\lumen-framework\\src\\Concerns\\RoutesRequests.php(282): Laravel\\Lumen\\Application->callControllerAction(Array)
#9 C:\\Users\\Tolga\\Desktop\\ReactNodeJS\\phpapiserver\\vendor\\laravel\\lumen-framework\\src\\Concerns\\RoutesRequests.php(267): Laravel\\Lumen\\Application->callActionOnArrayBasedRoute(Array)
#10 C:\\Users\\Tolga\\Desktop\\ReactNodeJS\\phpapiserver\\vendor\\laravel\\lumen-framework\\src\\Concerns\\RoutesRequests.php(169): Laravel\\Lumen\\Application->handleFoundRoute(Array)
#11 C:\\Users\\Tolga\\Desktop\\ReactNodeJS\\phpapiserver\\vendor\\laravel\\lumen-framework\\src\\Concerns\\RoutesRequests.php(429): Laravel\\Lumen\\Application->Laravel\\Lumen\\Concerns\\{closure}(Object(Laravel\\Lumen\\Http\\Request))
#12 C:\\Users\\Tolga\\Desktop\\ReactNodeJS\\phpapiserver\\vendor\\laravel\\lumen-framework\\src\\Concerns\\RoutesRequests.php(175): Laravel\\Lumen\\Application->sendThroughPipeline(Array, Object(Closure))
#13 C:\\Users\\Tolga\\Desktop\\ReactNodeJS\\phpapiserver\\vendor\\laravel\\lumen-framework\\src\\Concerns\\RoutesRequests.php(112): Laravel\\Lumen\\Application->dispatch(NULL)
#14 C:\\Users\\Tolga\\Desktop\\ReactNodeJS\\phpapiserver\\public\\index.php(28): Laravel\\Lumen\\Application->run()
#15 {main}
"} 
[2022-03-10 17:39:46] local.ERROR: Class "App\Models\Author" not found {"exception":"[object] (Error(code: 0): Class \"App\\Models\\Author\" not found at C:\\Users\\Tolga\\Desktop\\ReactNodeJS\\phpapiserver\\app\\Http\\Controllers\\UsersController.php:16)
[stacktrace]
#0 C:\\Users\\Tolga\\Desktop\\ReactNodeJS\\phpapiserver\\vendor\\illuminate\\container\\BoundMethod.php(36): App\\Http\\Controllers\\UsersController->createUser(Object(Laravel\\Lumen\\Http\\Request))
#1 C:\\Users\\Tolga\\Desktop\\ReactNodeJS\\phpapiserver\\vendor\\illuminate\\container\\Util.php(41): Illuminate\\Container\\BoundMethod::Illuminate\\Container\\{closure}()
#2 C:\\Users\\Tolga\\Desktop\\ReactNodeJS\\phpapiserver\\vendor\\illuminate\\container\\BoundMethod.php(93): Illuminate\\Container\\Util::unwrapIfClosure(Object(Closure))
#3 C:\\Users\\Tolga\\Desktop\\ReactNodeJS\\phpapiserver\\vendor\\illuminate\\container\\BoundMethod.php(37): Illuminate\\Container\\BoundMethod::callBoundMethod(Object(Laravel\\Lumen\\Application), Array, Object(Closure))
#4 C:\\Users\\Tolga\\Desktop\\ReactNodeJS\\phpapiserver\\vendor\\illuminate\\container\\Container.php(653): Illuminate\\Container\\BoundMethod::call(Object(Laravel\\Lumen\\Application), Array, Array, NULL)
#5 C:\\Users\\Tolga\\Desktop\\ReactNodeJS\\phpapiserver\\vendor\\laravel\\lumen-framework\\src\\Concerns\\RoutesRequests.php(389): Illuminate\\Container\\Container->call(Array, Array)
#6 C:\\Users\\Tolga\\Desktop\\ReactNodeJS\\phpapiserver\\vendor\\laravel\\lumen-framework\\src\\Concerns\\RoutesRequests.php(355): Laravel\\Lumen\\Application->callControllerCallable(Array, Array)
#7 C:\\Users\\Tolga\\Desktop\\ReactNodeJS\\phpapiserver\\vendor\\laravel\\lumen-framework\\src\\Concerns\\RoutesRequests.php(329): Laravel\\Lumen\\Application->callLumenController(Object(App\\Http\\Controllers\\UsersController), 'createUser', Array)
#8 C:\\Users\\Tolga\\Desktop\\ReactNodeJS\\phpapiserver\\vendor\\laravel\\lumen-framework\\src\\Concerns\\RoutesRequests.php(282): Laravel\\Lumen\\Application->callControllerAction(Array)
#9 C:\\Users\\Tolga\\Desktop\\ReactNodeJS\\phpapiserver\\vendor\\laravel\\lumen-framework\\src\\Concerns\\RoutesRequests.php(267): Laravel\\Lumen\\Application->callActionOnArrayBasedRoute(Array)
#10 C:\\Users\\Tolga\\Desktop\\ReactNodeJS\\phpapiserver\\vendor\\laravel\\lumen-framework\\src\\Concerns\\RoutesRequests.php(169): Laravel\\Lumen\\Application->handleFoundRoute(Array)
#11 C:\\Users\\Tolga\\Desktop\\ReactNodeJS\\phpapiserver\\vendor\\laravel\\lumen-framework\\src\\Concerns\\RoutesRequests.php(429): Laravel\\Lumen\\Application->Laravel\\Lumen\\Concerns\\{closure}(Object(Laravel\\Lumen\\Http\\Request))
#12 C:\\Users\\Tolga\\Desktop\\ReactNodeJS\\phpapiserver\\vendor\\laravel\\lumen-framework\\src\\Concerns\\RoutesRequests.php(175): Laravel\\Lumen\\Application->sendThroughPipeline(Array, Object(Closure))
#13 C:\\Users\\Tolga\\Desktop\\ReactNodeJS\\phpapiserver\\vendor\\laravel\\lumen-framework\\src\\Concerns\\RoutesRequests.php(112): Laravel\\Lumen\\Application->dispatch(NULL)
#14 C:\\Users\\Tolga\\Desktop\\ReactNodeJS\\phpapiserver\\public\\index.php(28): Laravel\\Lumen\\Application->run()
#15 {main}
"} 
[2022-03-10 17:57:10] local.ERROR: Target class [App\Http\Controllers\PostsController] does not exist. {"exception":"[object] (Illuminate\\Contracts\\Container\\BindingResolutionException(code: 0): Target class [App\\Http\\Controllers\\PostsController] does not exist. at C:\\Users\\Tolga\\Desktop\\ReactNodeJS\\phpapiserver\\vendor\\illuminate\\container\\Container.php:879)
[stacktrace]
#0 C:\\Users\\Tolga\\Desktop\\ReactNodeJS\\phpapiserver\\vendor\\illuminate\\container\\Container.php(758): Illuminate\\Container\\Container->build('App\\\\Http\\\\Contro...')
#1 C:\\Users\\Tolga\\Desktop\\ReactNodeJS\\phpapiserver\\vendor\\illuminate\\container\\Container.php(694): Illuminate\\Container\\Container->resolve('App\\\\Http\\\\Contro...', Array)
#2 C:\\Users\\Tolga\\Desktop\\ReactNodeJS\\phpapiserver\\vendor\\laravel\\lumen-framework\\src\\Application.php(300): Illuminate\\Container\\Container->make('App\\\\Http\\\\Contro...', Array)
#3 C:\\Users\\Tolga\\Desktop\\ReactNodeJS\\phpapiserver\\vendor\\laravel\\lumen-framework\\src\\Concerns\\RoutesRequests.php(324): Laravel\\Lumen\\Application->make('App\\\\Http\\\\Contro...')
#4 C:\\Users\\Tolga\\Desktop\\ReactNodeJS\\phpapiserver\\vendor\\laravel\\lumen-framework\\src\\Concerns\\RoutesRequests.php(282): Laravel\\Lumen\\Application->callControllerAction(Array)
#5 C:\\Users\\Tolga\\Desktop\\ReactNodeJS\\phpapiserver\\vendor\\laravel\\lumen-framework\\src\\Concerns\\RoutesRequests.php(267): Laravel\\Lumen\\Application->callActionOnArrayBasedRoute(Array)
#6 C:\\Users\\Tolga\\Desktop\\ReactNodeJS\\phpapiserver\\vendor\\laravel\\lumen-framework\\src\\Concerns\\RoutesRequests.php(169): Laravel\\Lumen\\Application->handleFoundRoute(Array)
#7 C:\\Users\\Tolga\\Desktop\\ReactNodeJS\\phpapiserver\\vendor\\laravel\\lumen-framework\\src\\Concerns\\RoutesRequests.php(429): Laravel\\Lumen\\Application->Laravel\\Lumen\\Concerns\\{closure}(Object(Laravel\\Lumen\\Http\\Request))
#8 C:\\Users\\Tolga\\Desktop\\ReactNodeJS\\phpapiserver\\vendor\\laravel\\lumen-framework\\src\\Concerns\\RoutesRequests.php(175): Laravel\\Lumen\\Application->sendThroughPipeline(Array, Object(Closure))
#9 C:\\Users\\Tolga\\Desktop\\ReactNodeJS\\phpapiserver\\vendor\\laravel\\lumen-framework\\src\\Concerns\\RoutesRequests.php(112): Laravel\\Lumen\\Application->dispatch(NULL)
#10 C:\\Users\\Tolga\\Desktop\\ReactNodeJS\\phpapiserver\\public\\index.php(28): Laravel\\Lumen\\Application->run()
#11 {main}

[previous exception] [object] (ReflectionException(code: -1): Class \"App\\Http\\Controllers\\PostsController\" does not exist at C:\\Users\\Tolga\\Desktop\\ReactNodeJS\\phpapiserver\\vendor\\illuminate\\container\\Container.php:877)
[stacktrace]
#0 C:\\Users\\Tolga\\Desktop\\ReactNodeJS\\phpapiserver\\vendor\\illuminate\\container\\Container.php(877): ReflectionClass->__construct('App\\\\Http\\\\Contro...')
#1 C:\\Users\\Tolga\\Desktop\\ReactNodeJS\\phpapiserver\\vendor\\illuminate\\container\\Container.php(758): Illuminate\\Container\\Container->build('App\\\\Http\\\\Contro...')
#2 C:\\Users\\Tolga\\Desktop\\ReactNodeJS\\phpapiserver\\vendor\\illuminate\\container\\Container.php(694): Illuminate\\Container\\Container->resolve('App\\\\Http\\\\Contro...', Array)
#3 C:\\Users\\Tolga\\Desktop\\ReactNodeJS\\phpapiserver\\vendor\\laravel\\lumen-framework\\src\\Application.php(300): Illuminate\\Container\\Container->make('App\\\\Http\\\\Contro...', Array)
#4 C:\\Users\\Tolga\\Desktop\\ReactNodeJS\\phpapiserver\\vendor\\laravel\\lumen-framework\\src\\Concerns\\RoutesRequests.php(324): Laravel\\Lumen\\Application->make('App\\\\Http\\\\Contro...')
#5 C:\\Users\\Tolga\\Desktop\\ReactNodeJS\\phpapiserver\\vendor\\laravel\\lumen-framework\\src\\Concerns\\RoutesRequests.php(282): Laravel\\Lumen\\Application->callControllerAction(Array)
#6 C:\\Users\\Tolga\\Desktop\\ReactNodeJS\\phpapiserver\\vendor\\laravel\\lumen-framework\\src\\Concerns\\RoutesRequests.php(267): Laravel\\Lumen\\Application->callActionOnArrayBasedRoute(Array)
#7 C:\\Users\\Tolga\\Desktop\\ReactNodeJS\\phpapiserver\\vendor\\laravel\\lumen-framework\\src\\Concerns\\RoutesRequests.php(169): Laravel\\Lumen\\Application->handleFoundRoute(Array)
#8 C:\\Users\\Tolga\\Desktop\\ReactNodeJS\\phpapiserver\\vendor\\laravel\\lumen-framework\\src\\Concerns\\RoutesRequests.php(429): Laravel\\Lumen\\Application->Laravel\\Lumen\\Concerns\\{closure}(Object(Laravel\\Lumen\\Http\\Request))
#9 C:\\Users\\Tolga\\Desktop\\ReactNodeJS\\phpapiserver\\vendor\\laravel\\lumen-framework\\src\\Concerns\\RoutesRequests.php(175): Laravel\\Lumen\\Application->sendThroughPipeline(Array, Object(Closure))
#10 C:\\Users\\Tolga\\Desktop\\ReactNodeJS\\phpapiserver\\vendor\\laravel\\lumen-framework\\src\\Concerns\\RoutesRequests.php(112): Laravel\\Lumen\\Application->dispatch(NULL)
#11 C:\\Users\\Tolga\\Desktop\\ReactNodeJS\\phpapiserver\\public\\index.php(28): Laravel\\Lumen\\Application->run()
#12 {main}
"} 
